The target system is: Linux -  - 
The host system is: Linux - 3.13.0-32-generic - x86_64
Compiling the C compiler identification source file "CMakeCCompilerId.c" succeeded.
Compiler: /opt/poky/1.5.1/sysroots/x86_64-pokysdk-linux/usr/bin/arm-poky-linux-gnueabi/arm-poky-linux-gnueabi-gcc 
Build flags: 
Id flags: 

The output was:
0


Compilation of the C compiler identification source "CMakeCCompilerId.c" produced "a.out"

The C compiler identification is GNU, found in "/opencv2.3/OpenCV-2.3.1/release/CMakeFiles/CompilerIdC/a.out"

Compiling the CXX compiler identification source file "CMakeCXXCompilerId.cpp" succeeded.
Compiler: /opt/poky/1.5.1/sysroots/x86_64-pokysdk-linux/usr/bin/arm-poky-linux-gnueabi/arm-poky-linux-gnueabi-g++ 
Build flags: 
Id flags: 

The output was:
0


Compilation of the CXX compiler identification source "CMakeCXXCompilerId.cpp" produced "a.out"

The CXX compiler identification is GNU, found in "/opencv2.3/OpenCV-2.3.1/release/CMakeFiles/CompilerIdCXX/a.out"

Determining if the C compiler works passed with the following output:
Change Dir: /opencv2.3/OpenCV-2.3.1/release/CMakeFiles/CMakeTmp

Run Build Command:/usr/bin/make "cmTryCompileExec/fast"
/usr/bin/make -f CMakeFiles/cmTryCompileExec.dir/build.make CMakeFiles/cmTryCompileExec.dir/build
make[1]: Entering directory `/opencv2.3/OpenCV-2.3.1/release/CMakeFiles/CMakeTmp'
/usr/bin/cmake -E cmake_progress_report /opencv2.3/OpenCV-2.3.1/release/CMakeFiles/CMakeTmp/CMakeFiles 1
Building C object CMakeFiles/cmTryCompileExec.dir/testCCompiler.c.o
/opt/poky/1.5.1/sysroots/x86_64-pokysdk-linux/usr/bin/arm-poky-linux-gnueabi/arm-poky-linux-gnueabi-gcc    -o CMakeFiles/cmTryCompileExec.dir/testCCompiler.c.o   -c /opencv2.3/OpenCV-2.3.1/release/CMakeFiles/CMakeTmp/testCCompiler.c
Linking C executable cmTryCompileExec
/usr/bin/cmake -E cmake_link_script CMakeFiles/cmTryCompileExec.dir/link.txt --verbose=1
/opt/poky/1.5.1/sysroots/x86_64-pokysdk-linux/usr/bin/arm-poky-linux-gnueabi/arm-poky-linux-gnueabi-gcc         CMakeFiles/cmTryCompileExec.dir/testCCompiler.c.o  -o cmTryCompileExec -rdynamic 
make[1]: Leaving directory `/opencv2.3/OpenCV-2.3.1/release/CMakeFiles/CMakeTmp'


Detecting C compiler ABI info compiled with the following output:
Change Dir: /opencv2.3/OpenCV-2.3.1/release/CMakeFiles/CMakeTmp

Run Build Command:/usr/bin/make "cmTryCompileExec/fast"
/usr/bin/make -f CMakeFiles/cmTryCompileExec.dir/build.make CMakeFiles/cmTryCompileExec.dir/build
make[1]: Entering directory `/opencv2.3/OpenCV-2.3.1/release/CMakeFiles/CMakeTmp'
/usr/bin/cmake -E cmake_progress_report /opencv2.3/OpenCV-2.3.1/release/CMakeFiles/CMakeTmp/CMakeFiles 1
Building C object CMakeFiles/cmTryCompileExec.dir/CMakeCCompilerABI.c.o
/opt/poky/1.5.1/sysroots/x86_64-pokysdk-linux/usr/bin/arm-poky-linux-gnueabi/arm-poky-linux-gnueabi-gcc    -o CMakeFiles/cmTryCompileExec.dir/CMakeCCompilerABI.c.o   -c /usr/share/cmake-2.8/Modules/CMakeCCompilerABI.c
Linking C executable cmTryCompileExec
/usr/bin/cmake -E cmake_link_script CMakeFiles/cmTryCompileExec.dir/link.txt --verbose=1
/opt/poky/1.5.1/sysroots/x86_64-pokysdk-linux/usr/bin/arm-poky-linux-gnueabi/arm-poky-linux-gnueabi-gcc       -v CMakeFiles/cmTryCompileExec.dir/CMakeCCompilerABI.c.o  -o cmTryCompileExec -rdynamic  
Using built-in specs.
COLLECT_GCC=/opt/poky/1.5.1/sysroots/x86_64-pokysdk-linux/usr/bin/arm-poky-linux-gnueabi/arm-poky-linux-gnueabi-gcc
COLLECT_LTO_WRAPPER=/opt/poky/1.5.1/sysroots/x86_64-pokysdk-linux/usr/libexec/arm-poky-linux-gnueabi/gcc/arm-poky-linux-gnueabi/4.8.1/lto-wrapper
Target: arm-poky-linux-gnueabi
Configured with: /home/treego/PROJECT/temp2/wisol/freescale-imx6/work/Yocto/fsl-release-bsp/imx6q-yocto/tmp/work-shared/gcc-4.8.1-r0/gcc-4.8.1/configure --build=x86_64-linux --host=x86_64-pokysdk-linux --target=arm-poky-linux-gnueabi --prefix=/opt/poky/1.5.1/sysroots/x86_64-pokysdk-linux/usr --exec_prefix=/opt/poky/1.5.1/sysroots/x86_64-pokysdk-linux/usr --bindir=/opt/poky/1.5.1/sysroots/x86_64-pokysdk-linux/usr/bin/arm-poky-linux-gnueabi --sbindir=/opt/poky/1.5.1/sysroots/x86_64-pokysdk-linux/usr/bin/arm-poky-linux-gnueabi --libexecdir=/opt/poky/1.5.1/sysroots/x86_64-pokysdk-linux/usr/libexec/arm-poky-linux-gnueabi --datadir=/opt/poky/1.5.1/sysroots/x86_64-pokysdk-linux/usr/share --sysconfdir=/opt/poky/1.5.1/sysroots/x86_64-pokysdk-linux/etc --sharedstatedir=/opt/poky/1.5.1/sysroots/x86_64-pokysdk-linux/com --localstatedir=/opt/poky/1.5.1/sysroots/x86_64-pokysdk-linux/var --libdir=/opt/poky/1.5.1/sysroots/x86_64-pokysdk-linux/usr/lib/arm-poky-linux-gnueabi --includedir=/opt/poky/1.5.1/sysroots/x86_64-pokysdk-linux/usr/include --oldincludedir=/opt/poky/1.5.1/sysroots/x86_64-pokysdk-linux/usr/include --infodir=/opt/poky/1.5.1/sysroots/x86_64-pokysdk-linux/usr/share/info --mandir=/opt/poky/1.5.1/sysroots/x86_64-pokysdk-linux/usr/share/man --disable-silent-rules --disable-dependency-tracking --with-libtool-sysroot=/home/treego/PROJECT/temp2/wisol/freescale-imx6/work/Yocto/fsl-release-bsp/imx6q-yocto/tmp/sysroots/x86_64-nativesdk-pokysdk-linux --with-gnu-ld --enable-shared --enable-languages=c,c++ --enable-threads=posix --enable-multilib --enable-c99 --enable-long-long --enable-symvers=gnu --enable-libstdcxx-pch --program-prefix=arm-poky-linux-gnueabi- --without-local-prefix --enable-target-optspace --enable-lto --enable-libssp --disable-bootstrap --disable-libmudflap --with-system-zlib --with-linker-hash-style=gnu --enable-linker-build-id --with-ppl=no --with-cloog=no --enable-checking=release --enable-cheaders=c_global --with-float=hard --with-gxx-include-dir=/opt/poky/1.5.1/sysroots/cortexa9hf-vfp-neon-poky-linux-gnueabi/usr/include/c++ --with-build-time-tools=/home/treego/PROJECT/temp2/wisol/freescale-imx6/work/Yocto/fsl-release-bsp/imx6q-yocto/tmp/sysroots/x86_64-linux/usr/arm-poky-linux-gnueabi/bin --with-sysroot=/opt/poky/1.5.1/sysroots/cortexa9hf-vfp-neon-poky-linux-gnueabi --with-build-sysroot=/home/treego/PROJECT/temp2/wisol/freescale-imx6/work/Yocto/fsl-release-bsp/imx6q-yocto/tmp/sysroots/imx6qsabresd --disable-libunwind-exceptions --disable-libssp --disable-libgomp --disable-libmudflap --with-mpfr=/home/treego/PROJECT/temp2/wisol/freescale-imx6/work/Yocto/fsl-release-bsp/imx6q-yocto/tmp/sysroots/x86_64-nativesdk-pokysdk-linux --with-mpc=/home/treego/PROJECT/temp2/wisol/freescale-imx6/work/Yocto/fsl-release-bsp/imx6q-yocto/tmp/sysroots/x86_64-nativesdk-pokysdk-linux --enable-nls
Thread model: posix
gcc version 4.8.1 (GCC) 
COMPILER_PATH=/opt/poky/1.5.1/sysroots/x86_64-pokysdk-linux/usr/libexec/arm-poky-linux-gnueabi/gcc/arm-poky-linux-gnueabi/4.8.1/:/opt/poky/1.5.1/sysroots/x86_64-pokysdk-linux/usr/libexec/arm-poky-linux-gnueabi/gcc/arm-poky-linux-gnueabi/4.8.1/:/opt/poky/1.5.1/sysroots/x86_64-pokysdk-linux/usr/libexec/arm-poky-linux-gnueabi/gcc/arm-poky-linux-gnueabi/:/opt/poky/1.5.1/sysroots/x86_64-pokysdk-linux/usr/lib/arm-poky-linux-gnueabi/gcc/arm-poky-linux-gnueabi/4.8.1/:/opt/poky/1.5.1/sysroots/x86_64-pokysdk-linux/usr/lib/arm-poky-linux-gnueabi/gcc/arm-poky-linux-gnueabi/
LIBRARY_PATH=/opt/poky/1.5.1/sysroots/x86_64-pokysdk-linux/usr/lib/arm-poky-linux-gnueabi/gcc/arm-poky-linux-gnueabi/4.8.1/:/opt/poky/1.5.1/sysroots/cortexa9hf-vfp-neon-poky-linux-gnueabi/lib/:/opt/poky/1.5.1/sysroots/cortexa9hf-vfp-neon-poky-linux-gnueabi/usr/lib/arm-poky-linux-gnueabi/4.8.1/:/opt/poky/1.5.1/sysroots/cortexa9hf-vfp-neon-poky-linux-gnueabi/usr/lib/
COLLECT_GCC_OPTIONS='-v' '-o' 'cmTryCompileExec' '-rdynamic' '-mfloat-abi=hard' '-mtls-dialect=gnu'
 /opt/poky/1.5.1/sysroots/x86_64-pokysdk-linux/usr/libexec/arm-poky-linux-gnueabi/gcc/arm-poky-linux-gnueabi/4.8.1/collect2 --sysroot=/opt/poky/1.5.1/sysroots/cortexa9hf-vfp-neon-poky-linux-gnueabi --build-id --eh-frame-hdr --hash-style=gnu -export-dynamic -dynamic-linker /lib/ld-linux-armhf.so.3 -X -m armelf_linux_eabi -o cmTryCompileExec /opt/poky/1.5.1/sysroots/cortexa9hf-vfp-neon-poky-linux-gnueabi/usr/lib/crt1.o /opt/poky/1.5.1/sysroots/cortexa9hf-vfp-neon-poky-linux-gnueabi/usr/lib/crti.o /opt/poky/1.5.1/sysroots/cortexa9hf-vfp-neon-poky-linux-gnueabi/usr/lib/arm-poky-linux-gnueabi/4.8.1/crtbegin.o -L/opt/poky/1.5.1/sysroots/x86_64-pokysdk-linux/usr/lib/arm-poky-linux-gnueabi/gcc/arm-poky-linux-gnueabi/4.8.1 -L/opt/poky/1.5.1/sysroots/cortexa9hf-vfp-neon-poky-linux-gnueabi/lib -L/opt/poky/1.5.1/sysroots/cortexa9hf-vfp-neon-poky-linux-gnueabi/usr/lib/arm-poky-linux-gnueabi/4.8.1 -L/opt/poky/1.5.1/sysroots/cortexa9hf-vfp-neon-poky-linux-gnueabi/usr/lib CMakeFiles/cmTryCompileExec.dir/CMakeCCompilerABI.c.o -lgcc --as-needed -lgcc_s --no-as-needed -lc -lgcc --as-needed -lgcc_s --no-as-needed /opt/poky/1.5.1/sysroots/cortexa9hf-vfp-neon-poky-linux-gnueabi/usr/lib/arm-poky-linux-gnueabi/4.8.1/crtend.o /opt/poky/1.5.1/sysroots/cortexa9hf-vfp-neon-poky-linux-gnueabi/usr/lib/crtn.o
make[1]: Leaving directory `/opencv2.3/OpenCV-2.3.1/release/CMakeFiles/CMakeTmp'


Parsed C implicit link information from above output:
  link line regex: [^( *|.*[/\])(arm-poky-linux-gnueabi-ld|ld|collect2)[^/\]*( |$)]
  ignore line: [Change Dir: /opencv2.3/OpenCV-2.3.1/release/CMakeFiles/CMakeTmp]
  ignore line: []
  ignore line: [Run Build Command:/usr/bin/make "cmTryCompileExec/fast"]
  ignore line: [/usr/bin/make -f CMakeFiles/cmTryCompileExec.dir/build.make CMakeFiles/cmTryCompileExec.dir/build]
  ignore line: [make[1]: Entering directory `/opencv2.3/OpenCV-2.3.1/release/CMakeFiles/CMakeTmp']
  ignore line: [/usr/bin/cmake -E cmake_progress_report /opencv2.3/OpenCV-2.3.1/release/CMakeFiles/CMakeTmp/CMakeFiles 1]
  ignore line: [Building C object CMakeFiles/cmTryCompileExec.dir/CMakeCCompilerABI.c.o]
  ignore line: [/opt/poky/1.5.1/sysroots/x86_64-pokysdk-linux/usr/bin/arm-poky-linux-gnueabi/arm-poky-linux-gnueabi-gcc    -o CMakeFiles/cmTryCompileExec.dir/CMakeCCompilerABI.c.o   -c /usr/share/cmake-2.8/Modules/CMakeCCompilerABI.c]
  ignore line: [Linking C executable cmTryCompileExec]
  ignore line: [/usr/bin/cmake -E cmake_link_script CMakeFiles/cmTryCompileExec.dir/link.txt --verbose=1]
  ignore line: [/opt/poky/1.5.1/sysroots/x86_64-pokysdk-linux/usr/bin/arm-poky-linux-gnueabi/arm-poky-linux-gnueabi-gcc       -v CMakeFiles/cmTryCompileExec.dir/CMakeCCompilerABI.c.o  -o cmTryCompileExec -rdynamic  ]
  ignore line: [Using built-in specs.]
  ignore line: [COLLECT_GCC=/opt/poky/1.5.1/sysroots/x86_64-pokysdk-linux/usr/bin/arm-poky-linux-gnueabi/arm-poky-linux-gnueabi-gcc]
  ignore line: [COLLECT_LTO_WRAPPER=/opt/poky/1.5.1/sysroots/x86_64-pokysdk-linux/usr/libexec/arm-poky-linux-gnueabi/gcc/arm-poky-linux-gnueabi/4.8.1/lto-wrapper]
  ignore line: [Target: arm-poky-linux-gnueabi]
  ignore line: [Configured with: /home/treego/PROJECT/temp2/wisol/freescale-imx6/work/Yocto/fsl-release-bsp/imx6q-yocto/tmp/work-shared/gcc-4.8.1-r0/gcc-4.8.1/configure --build=x86_64-linux --host=x86_64-pokysdk-linux --target=arm-poky-linux-gnueabi --prefix=/opt/poky/1.5.1/sysroots/x86_64-pokysdk-linux/usr --exec_prefix=/opt/poky/1.5.1/sysroots/x86_64-pokysdk-linux/usr --bindir=/opt/poky/1.5.1/sysroots/x86_64-pokysdk-linux/usr/bin/arm-poky-linux-gnueabi --sbindir=/opt/poky/1.5.1/sysroots/x86_64-pokysdk-linux/usr/bin/arm-poky-linux-gnueabi --libexecdir=/opt/poky/1.5.1/sysroots/x86_64-pokysdk-linux/usr/libexec/arm-poky-linux-gnueabi --datadir=/opt/poky/1.5.1/sysroots/x86_64-pokysdk-linux/usr/share --sysconfdir=/opt/poky/1.5.1/sysroots/x86_64-pokysdk-linux/etc --sharedstatedir=/opt/poky/1.5.1/sysroots/x86_64-pokysdk-linux/com --localstatedir=/opt/poky/1.5.1/sysroots/x86_64-pokysdk-linux/var --libdir=/opt/poky/1.5.1/sysroots/x86_64-pokysdk-linux/usr/lib/arm-poky-linux-gnueabi --includedir=/opt/poky/1.5.1/sysroots/x86_64-pokysdk-linux/usr/include --oldincludedir=/opt/poky/1.5.1/sysroots/x86_64-pokysdk-linux/usr/include --infodir=/opt/poky/1.5.1/sysroots/x86_64-pokysdk-linux/usr/share/info --mandir=/opt/poky/1.5.1/sysroots/x86_64-pokysdk-linux/usr/share/man --disable-silent-rules --disable-dependency-tracking --with-libtool-sysroot=/home/treego/PROJECT/temp2/wisol/freescale-imx6/work/Yocto/fsl-release-bsp/imx6q-yocto/tmp/sysroots/x86_64-nativesdk-pokysdk-linux --with-gnu-ld --enable-shared --enable-languages=c,c++ --enable-threads=posix --enable-multilib --enable-c99 --enable-long-long --enable-symvers=gnu --enable-libstdcxx-pch --program-prefix=arm-poky-linux-gnueabi- --without-local-prefix --enable-target-optspace --enable-lto --enable-libssp --disable-bootstrap --disable-libmudflap --with-system-zlib --with-linker-hash-style=gnu --enable-linker-build-id --with-ppl=no --with-cloog=no --enable-checking=release --enable-cheaders=c_global --with-float=hard --with-gxx-include-dir=/opt/poky/1.5.1/sysroots/cortexa9hf-vfp-neon-poky-linux-gnueabi/usr/include/c++ --with-build-time-tools=/home/treego/PROJECT/temp2/wisol/freescale-imx6/work/Yocto/fsl-release-bsp/imx6q-yocto/tmp/sysroots/x86_64-linux/usr/arm-poky-linux-gnueabi/bin --with-sysroot=/opt/poky/1.5.1/sysroots/cortexa9hf-vfp-neon-poky-linux-gnueabi --with-build-sysroot=/home/treego/PROJECT/temp2/wisol/freescale-imx6/work/Yocto/fsl-release-bsp/imx6q-yocto/tmp/sysroots/imx6qsabresd --disable-libunwind-exceptions --disable-libssp --disable-libgomp --disable-libmudflap --with-mpfr=/home/treego/PROJECT/temp2/wisol/freescale-imx6/work/Yocto/fsl-release-bsp/imx6q-yocto/tmp/sysroots/x86_64-nativesdk-pokysdk-linux --with-mpc=/home/treego/PROJECT/temp2/wisol/freescale-imx6/work/Yocto/fsl-release-bsp/imx6q-yocto/tmp/sysroots/x86_64-nativesdk-pokysdk-linux --enable-nls]
  ignore line: [Thread model: posix]
  ignore line: [gcc version 4.8.1 (GCC) ]
  ignore line: [COMPILER_PATH=/opt/poky/1.5.1/sysroots/x86_64-pokysdk-linux/usr/libexec/arm-poky-linux-gnueabi/gcc/arm-poky-linux-gnueabi/4.8.1/:/opt/poky/1.5.1/sysroots/x86_64-pokysdk-linux/usr/libexec/arm-poky-linux-gnueabi/gcc/arm-poky-linux-gnueabi/4.8.1/:/opt/poky/1.5.1/sysroots/x86_64-pokysdk-linux/usr/libexec/arm-poky-linux-gnueabi/gcc/arm-poky-linux-gnueabi/:/opt/poky/1.5.1/sysroots/x86_64-pokysdk-linux/usr/lib/arm-poky-linux-gnueabi/gcc/arm-poky-linux-gnueabi/4.8.1/:/opt/poky/1.5.1/sysroots/x86_64-pokysdk-linux/usr/lib/arm-poky-linux-gnueabi/gcc/arm-poky-linux-gnueabi/]
  ignore line: [LIBRARY_PATH=/opt/poky/1.5.1/sysroots/x86_64-pokysdk-linux/usr/lib/arm-poky-linux-gnueabi/gcc/arm-poky-linux-gnueabi/4.8.1/:/opt/poky/1.5.1/sysroots/cortexa9hf-vfp-neon-poky-linux-gnueabi/lib/:/opt/poky/1.5.1/sysroots/cortexa9hf-vfp-neon-poky-linux-gnueabi/usr/lib/arm-poky-linux-gnueabi/4.8.1/:/opt/poky/1.5.1/sysroots/cortexa9hf-vfp-neon-poky-linux-gnueabi/usr/lib/]
  ignore line: [COLLECT_GCC_OPTIONS='-v' '-o' 'cmTryCompileExec' '-rdynamic' '-mfloat-abi=hard' '-mtls-dialect=gnu']
  link line: [ /opt/poky/1.5.1/sysroots/x86_64-pokysdk-linux/usr/libexec/arm-poky-linux-gnueabi/gcc/arm-poky-linux-gnueabi/4.8.1/collect2 --sysroot=/opt/poky/1.5.1/sysroots/cortexa9hf-vfp-neon-poky-linux-gnueabi --build-id --eh-frame-hdr --hash-style=gnu -export-dynamic -dynamic-linker /lib/ld-linux-armhf.so.3 -X -m armelf_linux_eabi -o cmTryCompileExec /opt/poky/1.5.1/sysroots/cortexa9hf-vfp-neon-poky-linux-gnueabi/usr/lib/crt1.o /opt/poky/1.5.1/sysroots/cortexa9hf-vfp-neon-poky-linux-gnueabi/usr/lib/crti.o /opt/poky/1.5.1/sysroots/cortexa9hf-vfp-neon-poky-linux-gnueabi/usr/lib/arm-poky-linux-gnueabi/4.8.1/crtbegin.o -L/opt/poky/1.5.1/sysroots/x86_64-pokysdk-linux/usr/lib/arm-poky-linux-gnueabi/gcc/arm-poky-linux-gnueabi/4.8.1 -L/opt/poky/1.5.1/sysroots/cortexa9hf-vfp-neon-poky-linux-gnueabi/lib -L/opt/poky/1.5.1/sysroots/cortexa9hf-vfp-neon-poky-linux-gnueabi/usr/lib/arm-poky-linux-gnueabi/4.8.1 -L/opt/poky/1.5.1/sysroots/cortexa9hf-vfp-neon-poky-linux-gnueabi/usr/lib CMakeFiles/cmTryCompileExec.dir/CMakeCCompilerABI.c.o -lgcc --as-needed -lgcc_s --no-as-needed -lc -lgcc --as-needed -lgcc_s --no-as-needed /opt/poky/1.5.1/sysroots/cortexa9hf-vfp-neon-poky-linux-gnueabi/usr/lib/arm-poky-linux-gnueabi/4.8.1/crtend.o /opt/poky/1.5.1/sysroots/cortexa9hf-vfp-neon-poky-linux-gnueabi/usr/lib/crtn.o]
    arg [/opt/poky/1.5.1/sysroots/x86_64-pokysdk-linux/usr/libexec/arm-poky-linux-gnueabi/gcc/arm-poky-linux-gnueabi/4.8.1/collect2] ==> ignore
    arg [--sysroot=/opt/poky/1.5.1/sysroots/cortexa9hf-vfp-neon-poky-linux-gnueabi] ==> ignore
    arg [--build-id] ==> ignore
    arg [--eh-frame-hdr] ==> ignore
    arg [--hash-style=gnu] ==> ignore
    arg [-export-dynamic] ==> ignore
    arg [-dynamic-linker] ==> ignore
    arg [/lib/ld-linux-armhf.so.3] ==> ignore
    arg [-X] ==> ignore
    arg [-m] ==> ignore
    arg [armelf_linux_eabi] ==> ignore
    arg [-o] ==> ignore
    arg [cmTryCompileExec] ==> ignore
    arg [/opt/poky/1.5.1/sysroots/cortexa9hf-vfp-neon-poky-linux-gnueabi/usr/lib/crt1.o] ==> ignore
    arg [/opt/poky/1.5.1/sysroots/cortexa9hf-vfp-neon-poky-linux-gnueabi/usr/lib/crti.o] ==> ignore
    arg [/opt/poky/1.5.1/sysroots/cortexa9hf-vfp-neon-poky-linux-gnueabi/usr/lib/arm-poky-linux-gnueabi/4.8.1/crtbegin.o] ==> ignore
    arg [-L/opt/poky/1.5.1/sysroots/x86_64-pokysdk-linux/usr/lib/arm-poky-linux-gnueabi/gcc/arm-poky-linux-gnueabi/4.8.1] ==> dir [/opt/poky/1.5.1/sysroots/x86_64-pokysdk-linux/usr/lib/arm-poky-linux-gnueabi/gcc/arm-poky-linux-gnueabi/4.8.1]
    arg [-L/opt/poky/1.5.1/sysroots/cortexa9hf-vfp-neon-poky-linux-gnueabi/lib] ==> dir [/opt/poky/1.5.1/sysroots/cortexa9hf-vfp-neon-poky-linux-gnueabi/lib]
    arg [-L/opt/poky/1.5.1/sysroots/cortexa9hf-vfp-neon-poky-linux-gnueabi/usr/lib/arm-poky-linux-gnueabi/4.8.1] ==> dir [/opt/poky/1.5.1/sysroots/cortexa9hf-vfp-neon-poky-linux-gnueabi/usr/lib/arm-poky-linux-gnueabi/4.8.1]
    arg [-L/opt/poky/1.5.1/sysroots/cortexa9hf-vfp-neon-poky-linux-gnueabi/usr/lib] ==> dir [/opt/poky/1.5.1/sysroots/cortexa9hf-vfp-neon-poky-linux-gnueabi/usr/lib]
    arg [CMakeFiles/cmTryCompileExec.dir/CMakeCCompilerABI.c.o] ==> ignore
    arg [-lgcc] ==> lib [gcc]
    arg [--as-needed] ==> ignore
    arg [-lgcc_s] ==> lib [gcc_s]
    arg [--no-as-needed] ==> ignore
    arg [-lc] ==> lib [c]
    arg [-lgcc] ==> lib [gcc]
    arg [--as-needed] ==> ignore
    arg [-lgcc_s] ==> lib [gcc_s]
    arg [--no-as-needed] ==> ignore
    arg [/opt/poky/1.5.1/sysroots/cortexa9hf-vfp-neon-poky-linux-gnueabi/usr/lib/arm-poky-linux-gnueabi/4.8.1/crtend.o] ==> ignore
    arg [/opt/poky/1.5.1/sysroots/cortexa9hf-vfp-neon-poky-linux-gnueabi/usr/lib/crtn.o] ==> ignore
  remove lib [gcc]
  remove lib [gcc_s]
  remove lib [gcc]
  remove lib [gcc_s]
  collapse dir [/opt/poky/1.5.1/sysroots/x86_64-pokysdk-linux/usr/lib/arm-poky-linux-gnueabi/gcc/arm-poky-linux-gnueabi/4.8.1] ==> [/opt/poky/1.5.1/sysroots/x86_64-pokysdk-linux/usr/lib/arm-poky-linux-gnueabi/gcc/arm-poky-linux-gnueabi/4.8.1]
  collapse dir [/opt/poky/1.5.1/sysroots/cortexa9hf-vfp-neon-poky-linux-gnueabi/lib] ==> [/opt/poky/1.5.1/sysroots/cortexa9hf-vfp-neon-poky-linux-gnueabi/lib]
  collapse dir [/opt/poky/1.5.1/sysroots/cortexa9hf-vfp-neon-poky-linux-gnueabi/usr/lib/arm-poky-linux-gnueabi/4.8.1] ==> [/opt/poky/1.5.1/sysroots/cortexa9hf-vfp-neon-poky-linux-gnueabi/usr/lib/arm-poky-linux-gnueabi/4.8.1]
  collapse dir [/opt/poky/1.5.1/sysroots/cortexa9hf-vfp-neon-poky-linux-gnueabi/usr/lib] ==> [/opt/poky/1.5.1/sysroots/cortexa9hf-vfp-neon-poky-linux-gnueabi/usr/lib]
  implicit libs: [c]
  implicit dirs: [/opt/poky/1.5.1/sysroots/x86_64-pokysdk-linux/usr/lib/arm-poky-linux-gnueabi/gcc/arm-poky-linux-gnueabi/4.8.1;/opt/poky/1.5.1/sysroots/cortexa9hf-vfp-neon-poky-linux-gnueabi/lib;/opt/poky/1.5.1/sysroots/cortexa9hf-vfp-neon-poky-linux-gnueabi/usr/lib/arm-poky-linux-gnueabi/4.8.1;/opt/poky/1.5.1/sysroots/cortexa9hf-vfp-neon-poky-linux-gnueabi/usr/lib]


Determining if the CXX compiler works passed with the following output:
Change Dir: /opencv2.3/OpenCV-2.3.1/release/CMakeFiles/CMakeTmp

Run Build Command:/usr/bin/make "cmTryCompileExec/fast"
/usr/bin/make -f CMakeFiles/cmTryCompileExec.dir/build.make CMakeFiles/cmTryCompileExec.dir/build
make[1]: Entering directory `/opencv2.3/OpenCV-2.3.1/release/CMakeFiles/CMakeTmp'
/usr/bin/cmake -E cmake_progress_report /opencv2.3/OpenCV-2.3.1/release/CMakeFiles/CMakeTmp/CMakeFiles 1
Building CXX object CMakeFiles/cmTryCompileExec.dir/testCXXCompiler.cxx.o
/opt/poky/1.5.1/sysroots/x86_64-pokysdk-linux/usr/bin/arm-poky-linux-gnueabi/arm-poky-linux-gnueabi-g++     -o CMakeFiles/cmTryCompileExec.dir/testCXXCompiler.cxx.o -c /opencv2.3/OpenCV-2.3.1/release/CMakeFiles/CMakeTmp/testCXXCompiler.cxx
Linking CXX executable cmTryCompileExec
/usr/bin/cmake -E cmake_link_script CMakeFiles/cmTryCompileExec.dir/link.txt --verbose=1
/opt/poky/1.5.1/sysroots/x86_64-pokysdk-linux/usr/bin/arm-poky-linux-gnueabi/arm-poky-linux-gnueabi-g++          CMakeFiles/cmTryCompileExec.dir/testCXXCompiler.cxx.o  -o cmTryCompileExec -rdynamic 
make[1]: Leaving directory `/opencv2.3/OpenCV-2.3.1/release/CMakeFiles/CMakeTmp'


Detecting CXX compiler ABI info compiled with the following output:
Change Dir: /opencv2.3/OpenCV-2.3.1/release/CMakeFiles/CMakeTmp

Run Build Command:/usr/bin/make "cmTryCompileExec/fast"
/usr/bin/make -f CMakeFiles/cmTryCompileExec.dir/build.make CMakeFiles/cmTryCompileExec.dir/build
make[1]: Entering directory `/opencv2.3/OpenCV-2.3.1/release/CMakeFiles/CMakeTmp'
/usr/bin/cmake -E cmake_progress_report /opencv2.3/OpenCV-2.3.1/release/CMakeFiles/CMakeTmp/CMakeFiles 1
Building CXX object CMakeFiles/cmTryCompileExec.dir/CMakeCXXCompilerABI.cpp.o
/opt/poky/1.5.1/sysroots/x86_64-pokysdk-linux/usr/bin/arm-poky-linux-gnueabi/arm-poky-linux-gnueabi-g++     -o CMakeFiles/cmTryCompileExec.dir/CMakeCXXCompilerABI.cpp.o -c /usr/share/cmake-2.8/Modules/CMakeCXXCompilerABI.cpp
Linking CXX executable cmTryCompileExec
/usr/bin/cmake -E cmake_link_script CMakeFiles/cmTryCompileExec.dir/link.txt --verbose=1
/opt/poky/1.5.1/sysroots/x86_64-pokysdk-linux/usr/bin/arm-poky-linux-gnueabi/arm-poky-linux-gnueabi-g++        -v CMakeFiles/cmTryCompileExec.dir/CMakeCXXCompilerABI.cpp.o  -o cmTryCompileExec -rdynamic  
Using built-in specs.
COLLECT_GCC=/opt/poky/1.5.1/sysroots/x86_64-pokysdk-linux/usr/bin/arm-poky-linux-gnueabi/arm-poky-linux-gnueabi-g++
COLLECT_LTO_WRAPPER=/opt/poky/1.5.1/sysroots/x86_64-pokysdk-linux/usr/libexec/arm-poky-linux-gnueabi/gcc/arm-poky-linux-gnueabi/4.8.1/lto-wrapper
Target: arm-poky-linux-gnueabi
Configured with: /home/treego/PROJECT/temp2/wisol/freescale-imx6/work/Yocto/fsl-release-bsp/imx6q-yocto/tmp/work-shared/gcc-4.8.1-r0/gcc-4.8.1/configure --build=x86_64-linux --host=x86_64-pokysdk-linux --target=arm-poky-linux-gnueabi --prefix=/opt/poky/1.5.1/sysroots/x86_64-pokysdk-linux/usr --exec_prefix=/opt/poky/1.5.1/sysroots/x86_64-pokysdk-linux/usr --bindir=/opt/poky/1.5.1/sysroots/x86_64-pokysdk-linux/usr/bin/arm-poky-linux-gnueabi --sbindir=/opt/poky/1.5.1/sysroots/x86_64-pokysdk-linux/usr/bin/arm-poky-linux-gnueabi --libexecdir=/opt/poky/1.5.1/sysroots/x86_64-pokysdk-linux/usr/libexec/arm-poky-linux-gnueabi --datadir=/opt/poky/1.5.1/sysroots/x86_64-pokysdk-linux/usr/share --sysconfdir=/opt/poky/1.5.1/sysroots/x86_64-pokysdk-linux/etc --sharedstatedir=/opt/poky/1.5.1/sysroots/x86_64-pokysdk-linux/com --localstatedir=/opt/poky/1.5.1/sysroots/x86_64-pokysdk-linux/var --libdir=/opt/poky/1.5.1/sysroots/x86_64-pokysdk-linux/usr/lib/arm-poky-linux-gnueabi --includedir=/opt/poky/1.5.1/sysroots/x86_64-pokysdk-linux/usr/include --oldincludedir=/opt/poky/1.5.1/sysroots/x86_64-pokysdk-linux/usr/include --infodir=/opt/poky/1.5.1/sysroots/x86_64-pokysdk-linux/usr/share/info --mandir=/opt/poky/1.5.1/sysroots/x86_64-pokysdk-linux/usr/share/man --disable-silent-rules --disable-dependency-tracking --with-libtool-sysroot=/home/treego/PROJECT/temp2/wisol/freescale-imx6/work/Yocto/fsl-release-bsp/imx6q-yocto/tmp/sysroots/x86_64-nativesdk-pokysdk-linux --with-gnu-ld --enable-shared --enable-languages=c,c++ --enable-threads=posix --enable-multilib --enable-c99 --enable-long-long --enable-symvers=gnu --enable-libstdcxx-pch --program-prefix=arm-poky-linux-gnueabi- --without-local-prefix --enable-target-optspace --enable-lto --enable-libssp --disable-bootstrap --disable-libmudflap --with-system-zlib --with-linker-hash-style=gnu --enable-linker-build-id --with-ppl=no --with-cloog=no --enable-checking=release --enable-cheaders=c_global --with-float=hard --with-gxx-include-dir=/opt/poky/1.5.1/sysroots/cortexa9hf-vfp-neon-poky-linux-gnueabi/usr/include/c++ --with-build-time-tools=/home/treego/PROJECT/temp2/wisol/freescale-imx6/work/Yocto/fsl-release-bsp/imx6q-yocto/tmp/sysroots/x86_64-linux/usr/arm-poky-linux-gnueabi/bin --with-sysroot=/opt/poky/1.5.1/sysroots/cortexa9hf-vfp-neon-poky-linux-gnueabi --with-build-sysroot=/home/treego/PROJECT/temp2/wisol/freescale-imx6/work/Yocto/fsl-release-bsp/imx6q-yocto/tmp/sysroots/imx6qsabresd --disable-libunwind-exceptions --disable-libssp --disable-libgomp --disable-libmudflap --with-mpfr=/home/treego/PROJECT/temp2/wisol/freescale-imx6/work/Yocto/fsl-release-bsp/imx6q-yocto/tmp/sysroots/x86_64-nativesdk-pokysdk-linux --with-mpc=/home/treego/PROJECT/temp2/wisol/freescale-imx6/work/Yocto/fsl-release-bsp/imx6q-yocto/tmp/sysroots/x86_64-nativesdk-pokysdk-linux --enable-nls
Thread model: posix
gcc version 4.8.1 (GCC) 
COMPILER_PATH=/opt/poky/1.5.1/sysroots/x86_64-pokysdk-linux/usr/libexec/arm-poky-linux-gnueabi/gcc/arm-poky-linux-gnueabi/4.8.1/:/opt/poky/1.5.1/sysroots/x86_64-pokysdk-linux/usr/libexec/arm-poky-linux-gnueabi/gcc/arm-poky-linux-gnueabi/4.8.1/:/opt/poky/1.5.1/sysroots/x86_64-pokysdk-linux/usr/libexec/arm-poky-linux-gnueabi/gcc/arm-poky-linux-gnueabi/:/opt/poky/1.5.1/sysroots/x86_64-pokysdk-linux/usr/lib/arm-poky-linux-gnueabi/gcc/arm-poky-linux-gnueabi/4.8.1/:/opt/poky/1.5.1/sysroots/x86_64-pokysdk-linux/usr/lib/arm-poky-linux-gnueabi/gcc/arm-poky-linux-gnueabi/
LIBRARY_PATH=/opt/poky/1.5.1/sysroots/x86_64-pokysdk-linux/usr/lib/arm-poky-linux-gnueabi/gcc/arm-poky-linux-gnueabi/4.8.1/:/opt/poky/1.5.1/sysroots/cortexa9hf-vfp-neon-poky-linux-gnueabi/lib/:/opt/poky/1.5.1/sysroots/cortexa9hf-vfp-neon-poky-linux-gnueabi/usr/lib/arm-poky-linux-gnueabi/4.8.1/:/opt/poky/1.5.1/sysroots/cortexa9hf-vfp-neon-poky-linux-gnueabi/usr/lib/
COLLECT_GCC_OPTIONS='-v' '-o' 'cmTryCompileExec' '-rdynamic' '-shared-libgcc' '-mfloat-abi=hard' '-mtls-dialect=gnu'
 /opt/poky/1.5.1/sysroots/x86_64-pokysdk-linux/usr/libexec/arm-poky-linux-gnueabi/gcc/arm-poky-linux-gnueabi/4.8.1/collect2 --sysroot=/opt/poky/1.5.1/sysroots/cortexa9hf-vfp-neon-poky-linux-gnueabi --build-id --eh-frame-hdr --hash-style=gnu -export-dynamic -dynamic-linker /lib/ld-linux-armhf.so.3 -X -m armelf_linux_eabi -o cmTryCompileExec /opt/poky/1.5.1/sysroots/cortexa9hf-vfp-neon-poky-linux-gnueabi/usr/lib/crt1.o /opt/poky/1.5.1/sysroots/cortexa9hf-vfp-neon-poky-linux-gnueabi/usr/lib/crti.o /opt/poky/1.5.1/sysroots/cortexa9hf-vfp-neon-poky-linux-gnueabi/usr/lib/arm-poky-linux-gnueabi/4.8.1/crtbegin.o -L/opt/poky/1.5.1/sysroots/x86_64-pokysdk-linux/usr/lib/arm-poky-linux-gnueabi/gcc/arm-poky-linux-gnueabi/4.8.1 -L/opt/poky/1.5.1/sysroots/cortexa9hf-vfp-neon-poky-linux-gnueabi/lib -L/opt/poky/1.5.1/sysroots/cortexa9hf-vfp-neon-poky-linux-gnueabi/usr/lib/arm-poky-linux-gnueabi/4.8.1 -L/opt/poky/1.5.1/sysroots/cortexa9hf-vfp-neon-poky-linux-gnueabi/usr/lib CMakeFiles/cmTryCompileExec.dir/CMakeCXXCompilerABI.cpp.o -lstdc++ -lm -lgcc_s -lgcc -lc -lgcc_s -lgcc /opt/poky/1.5.1/sysroots/cortexa9hf-vfp-neon-poky-linux-gnueabi/usr/lib/arm-poky-linux-gnueabi/4.8.1/crtend.o /opt/poky/1.5.1/sysroots/cortexa9hf-vfp-neon-poky-linux-gnueabi/usr/lib/crtn.o
make[1]: Leaving directory `/opencv2.3/OpenCV-2.3.1/release/CMakeFiles/CMakeTmp'


Parsed CXX implicit link information from above output:
  link line regex: [^( *|.*[/\])(arm-poky-linux-gnueabi-ld|ld|collect2)[^/\]*( |$)]
  ignore line: [Change Dir: /opencv2.3/OpenCV-2.3.1/release/CMakeFiles/CMakeTmp]
  ignore line: []
  ignore line: [Run Build Command:/usr/bin/make "cmTryCompileExec/fast"]
  ignore line: [/usr/bin/make -f CMakeFiles/cmTryCompileExec.dir/build.make CMakeFiles/cmTryCompileExec.dir/build]
  ignore line: [make[1]: Entering directory `/opencv2.3/OpenCV-2.3.1/release/CMakeFiles/CMakeTmp']
  ignore line: [/usr/bin/cmake -E cmake_progress_report /opencv2.3/OpenCV-2.3.1/release/CMakeFiles/CMakeTmp/CMakeFiles 1]
  ignore line: [Building CXX object CMakeFiles/cmTryCompileExec.dir/CMakeCXXCompilerABI.cpp.o]
  ignore line: [/opt/poky/1.5.1/sysroots/x86_64-pokysdk-linux/usr/bin/arm-poky-linux-gnueabi/arm-poky-linux-gnueabi-g++     -o CMakeFiles/cmTryCompileExec.dir/CMakeCXXCompilerABI.cpp.o -c /usr/share/cmake-2.8/Modules/CMakeCXXCompilerABI.cpp]
  ignore line: [Linking CXX executable cmTryCompileExec]
  ignore line: [/usr/bin/cmake -E cmake_link_script CMakeFiles/cmTryCompileExec.dir/link.txt --verbose=1]
  ignore line: [/opt/poky/1.5.1/sysroots/x86_64-pokysdk-linux/usr/bin/arm-poky-linux-gnueabi/arm-poky-linux-gnueabi-g++        -v CMakeFiles/cmTryCompileExec.dir/CMakeCXXCompilerABI.cpp.o  -o cmTryCompileExec -rdynamic  ]
  ignore line: [Using built-in specs.]
  ignore line: [COLLECT_GCC=/opt/poky/1.5.1/sysroots/x86_64-pokysdk-linux/usr/bin/arm-poky-linux-gnueabi/arm-poky-linux-gnueabi-g++]
  ignore line: [COLLECT_LTO_WRAPPER=/opt/poky/1.5.1/sysroots/x86_64-pokysdk-linux/usr/libexec/arm-poky-linux-gnueabi/gcc/arm-poky-linux-gnueabi/4.8.1/lto-wrapper]
  ignore line: [Target: arm-poky-linux-gnueabi]
  ignore line: [Configured with: /home/treego/PROJECT/temp2/wisol/freescale-imx6/work/Yocto/fsl-release-bsp/imx6q-yocto/tmp/work-shared/gcc-4.8.1-r0/gcc-4.8.1/configure --build=x86_64-linux --host=x86_64-pokysdk-linux --target=arm-poky-linux-gnueabi --prefix=/opt/poky/1.5.1/sysroots/x86_64-pokysdk-linux/usr --exec_prefix=/opt/poky/1.5.1/sysroots/x86_64-pokysdk-linux/usr --bindir=/opt/poky/1.5.1/sysroots/x86_64-pokysdk-linux/usr/bin/arm-poky-linux-gnueabi --sbindir=/opt/poky/1.5.1/sysroots/x86_64-pokysdk-linux/usr/bin/arm-poky-linux-gnueabi --libexecdir=/opt/poky/1.5.1/sysroots/x86_64-pokysdk-linux/usr/libexec/arm-poky-linux-gnueabi --datadir=/opt/poky/1.5.1/sysroots/x86_64-pokysdk-linux/usr/share --sysconfdir=/opt/poky/1.5.1/sysroots/x86_64-pokysdk-linux/etc --sharedstatedir=/opt/poky/1.5.1/sysroots/x86_64-pokysdk-linux/com --localstatedir=/opt/poky/1.5.1/sysroots/x86_64-pokysdk-linux/var --libdir=/opt/poky/1.5.1/sysroots/x86_64-pokysdk-linux/usr/lib/arm-poky-linux-gnueabi --includedir=/opt/poky/1.5.1/sysroots/x86_64-pokysdk-linux/usr/include --oldincludedir=/opt/poky/1.5.1/sysroots/x86_64-pokysdk-linux/usr/include --infodir=/opt/poky/1.5.1/sysroots/x86_64-pokysdk-linux/usr/share/info --mandir=/opt/poky/1.5.1/sysroots/x86_64-pokysdk-linux/usr/share/man --disable-silent-rules --disable-dependency-tracking --with-libtool-sysroot=/home/treego/PROJECT/temp2/wisol/freescale-imx6/work/Yocto/fsl-release-bsp/imx6q-yocto/tmp/sysroots/x86_64-nativesdk-pokysdk-linux --with-gnu-ld --enable-shared --enable-languages=c,c++ --enable-threads=posix --enable-multilib --enable-c99 --enable-long-long --enable-symvers=gnu --enable-libstdcxx-pch --program-prefix=arm-poky-linux-gnueabi- --without-local-prefix --enable-target-optspace --enable-lto --enable-libssp --disable-bootstrap --disable-libmudflap --with-system-zlib --with-linker-hash-style=gnu --enable-linker-build-id --with-ppl=no --with-cloog=no --enable-checking=release --enable-cheaders=c_global --with-float=hard --with-gxx-include-dir=/opt/poky/1.5.1/sysroots/cortexa9hf-vfp-neon-poky-linux-gnueabi/usr/include/c++ --with-build-time-tools=/home/treego/PROJECT/temp2/wisol/freescale-imx6/work/Yocto/fsl-release-bsp/imx6q-yocto/tmp/sysroots/x86_64-linux/usr/arm-poky-linux-gnueabi/bin --with-sysroot=/opt/poky/1.5.1/sysroots/cortexa9hf-vfp-neon-poky-linux-gnueabi --with-build-sysroot=/home/treego/PROJECT/temp2/wisol/freescale-imx6/work/Yocto/fsl-release-bsp/imx6q-yocto/tmp/sysroots/imx6qsabresd --disable-libunwind-exceptions --disable-libssp --disable-libgomp --disable-libmudflap --with-mpfr=/home/treego/PROJECT/temp2/wisol/freescale-imx6/work/Yocto/fsl-release-bsp/imx6q-yocto/tmp/sysroots/x86_64-nativesdk-pokysdk-linux --with-mpc=/home/treego/PROJECT/temp2/wisol/freescale-imx6/work/Yocto/fsl-release-bsp/imx6q-yocto/tmp/sysroots/x86_64-nativesdk-pokysdk-linux --enable-nls]
  ignore line: [Thread model: posix]
  ignore line: [gcc version 4.8.1 (GCC) ]
  ignore line: [COMPILER_PATH=/opt/poky/1.5.1/sysroots/x86_64-pokysdk-linux/usr/libexec/arm-poky-linux-gnueabi/gcc/arm-poky-linux-gnueabi/4.8.1/:/opt/poky/1.5.1/sysroots/x86_64-pokysdk-linux/usr/libexec/arm-poky-linux-gnueabi/gcc/arm-poky-linux-gnueabi/4.8.1/:/opt/poky/1.5.1/sysroots/x86_64-pokysdk-linux/usr/libexec/arm-poky-linux-gnueabi/gcc/arm-poky-linux-gnueabi/:/opt/poky/1.5.1/sysroots/x86_64-pokysdk-linux/usr/lib/arm-poky-linux-gnueabi/gcc/arm-poky-linux-gnueabi/4.8.1/:/opt/poky/1.5.1/sysroots/x86_64-pokysdk-linux/usr/lib/arm-poky-linux-gnueabi/gcc/arm-poky-linux-gnueabi/]
  ignore line: [LIBRARY_PATH=/opt/poky/1.5.1/sysroots/x86_64-pokysdk-linux/usr/lib/arm-poky-linux-gnueabi/gcc/arm-poky-linux-gnueabi/4.8.1/:/opt/poky/1.5.1/sysroots/cortexa9hf-vfp-neon-poky-linux-gnueabi/lib/:/opt/poky/1.5.1/sysroots/cortexa9hf-vfp-neon-poky-linux-gnueabi/usr/lib/arm-poky-linux-gnueabi/4.8.1/:/opt/poky/1.5.1/sysroots/cortexa9hf-vfp-neon-poky-linux-gnueabi/usr/lib/]
  ignore line: [COLLECT_GCC_OPTIONS='-v' '-o' 'cmTryCompileExec' '-rdynamic' '-shared-libgcc' '-mfloat-abi=hard' '-mtls-dialect=gnu']
  link line: [ /opt/poky/1.5.1/sysroots/x86_64-pokysdk-linux/usr/libexec/arm-poky-linux-gnueabi/gcc/arm-poky-linux-gnueabi/4.8.1/collect2 --sysroot=/opt/poky/1.5.1/sysroots/cortexa9hf-vfp-neon-poky-linux-gnueabi --build-id --eh-frame-hdr --hash-style=gnu -export-dynamic -dynamic-linker /lib/ld-linux-armhf.so.3 -X -m armelf_linux_eabi -o cmTryCompileExec /opt/poky/1.5.1/sysroots/cortexa9hf-vfp-neon-poky-linux-gnueabi/usr/lib/crt1.o /opt/poky/1.5.1/sysroots/cortexa9hf-vfp-neon-poky-linux-gnueabi/usr/lib/crti.o /opt/poky/1.5.1/sysroots/cortexa9hf-vfp-neon-poky-linux-gnueabi/usr/lib/arm-poky-linux-gnueabi/4.8.1/crtbegin.o -L/opt/poky/1.5.1/sysroots/x86_64-pokysdk-linux/usr/lib/arm-poky-linux-gnueabi/gcc/arm-poky-linux-gnueabi/4.8.1 -L/opt/poky/1.5.1/sysroots/cortexa9hf-vfp-neon-poky-linux-gnueabi/lib -L/opt/poky/1.5.1/sysroots/cortexa9hf-vfp-neon-poky-linux-gnueabi/usr/lib/arm-poky-linux-gnueabi/4.8.1 -L/opt/poky/1.5.1/sysroots/cortexa9hf-vfp-neon-poky-linux-gnueabi/usr/lib CMakeFiles/cmTryCompileExec.dir/CMakeCXXCompilerABI.cpp.o -lstdc++ -lm -lgcc_s -lgcc -lc -lgcc_s -lgcc /opt/poky/1.5.1/sysroots/cortexa9hf-vfp-neon-poky-linux-gnueabi/usr/lib/arm-poky-linux-gnueabi/4.8.1/crtend.o /opt/poky/1.5.1/sysroots/cortexa9hf-vfp-neon-poky-linux-gnueabi/usr/lib/crtn.o]
    arg [/opt/poky/1.5.1/sysroots/x86_64-pokysdk-linux/usr/libexec/arm-poky-linux-gnueabi/gcc/arm-poky-linux-gnueabi/4.8.1/collect2] ==> ignore
    arg [--sysroot=/opt/poky/1.5.1/sysroots/cortexa9hf-vfp-neon-poky-linux-gnueabi] ==> ignore
    arg [--build-id] ==> ignore
    arg [--eh-frame-hdr] ==> ignore
    arg [--hash-style=gnu] ==> ignore
    arg [-export-dynamic] ==> ignore
    arg [-dynamic-linker] ==> ignore
    arg [/lib/ld-linux-armhf.so.3] ==> ignore
    arg [-X] ==> ignore
    arg [-m] ==> ignore
    arg [armelf_linux_eabi] ==> ignore
    arg [-o] ==> ignore
    arg [cmTryCompileExec] ==> ignore
    arg [/opt/poky/1.5.1/sysroots/cortexa9hf-vfp-neon-poky-linux-gnueabi/usr/lib/crt1.o] ==> ignore
    arg [/opt/poky/1.5.1/sysroots/cortexa9hf-vfp-neon-poky-linux-gnueabi/usr/lib/crti.o] ==> ignore
    arg [/opt/poky/1.5.1/sysroots/cortexa9hf-vfp-neon-poky-linux-gnueabi/usr/lib/arm-poky-linux-gnueabi/4.8.1/crtbegin.o] ==> ignore
    arg [-L/opt/poky/1.5.1/sysroots/x86_64-pokysdk-linux/usr/lib/arm-poky-linux-gnueabi/gcc/arm-poky-linux-gnueabi/4.8.1] ==> dir [/opt/poky/1.5.1/sysroots/x86_64-pokysdk-linux/usr/lib/arm-poky-linux-gnueabi/gcc/arm-poky-linux-gnueabi/4.8.1]
    arg [-L/opt/poky/1.5.1/sysroots/cortexa9hf-vfp-neon-poky-linux-gnueabi/lib] ==> dir [/opt/poky/1.5.1/sysroots/cortexa9hf-vfp-neon-poky-linux-gnueabi/lib]
    arg [-L/opt/poky/1.5.1/sysroots/cortexa9hf-vfp-neon-poky-linux-gnueabi/usr/lib/arm-poky-linux-gnueabi/4.8.1] ==> dir [/opt/poky/1.5.1/sysroots/cortexa9hf-vfp-neon-poky-linux-gnueabi/usr/lib/arm-poky-linux-gnueabi/4.8.1]
    arg [-L/opt/poky/1.5.1/sysroots/cortexa9hf-vfp-neon-poky-linux-gnueabi/usr/lib] ==> dir [/opt/poky/1.5.1/sysroots/cortexa9hf-vfp-neon-poky-linux-gnueabi/usr/lib]
    arg [CMakeFiles/cmTryCompileExec.dir/CMakeCXXCompilerABI.cpp.o] ==> ignore
    arg [-lstdc++] ==> lib [stdc++]
    arg [-lm] ==> lib [m]
    arg [-lgcc_s] ==> lib [gcc_s]
    arg [-lgcc] ==> lib [gcc]
    arg [-lc] ==> lib [c]
    arg [-lgcc_s] ==> lib [gcc_s]
    arg [-lgcc] ==> lib [gcc]
    arg [/opt/poky/1.5.1/sysroots/cortexa9hf-vfp-neon-poky-linux-gnueabi/usr/lib/arm-poky-linux-gnueabi/4.8.1/crtend.o] ==> ignore
    arg [/opt/poky/1.5.1/sysroots/cortexa9hf-vfp-neon-poky-linux-gnueabi/usr/lib/crtn.o] ==> ignore
  remove lib [gcc_s]
  remove lib [gcc]
  remove lib [gcc_s]
  remove lib [gcc]
  collapse dir [/opt/poky/1.5.1/sysroots/x86_64-pokysdk-linux/usr/lib/arm-poky-linux-gnueabi/gcc/arm-poky-linux-gnueabi/4.8.1] ==> [/opt/poky/1.5.1/sysroots/x86_64-pokysdk-linux/usr/lib/arm-poky-linux-gnueabi/gcc/arm-poky-linux-gnueabi/4.8.1]
  collapse dir [/opt/poky/1.5.1/sysroots/cortexa9hf-vfp-neon-poky-linux-gnueabi/lib] ==> [/opt/poky/1.5.1/sysroots/cortexa9hf-vfp-neon-poky-linux-gnueabi/lib]
  collapse dir [/opt/poky/1.5.1/sysroots/cortexa9hf-vfp-neon-poky-linux-gnueabi/usr/lib/arm-poky-linux-gnueabi/4.8.1] ==> [/opt/poky/1.5.1/sysroots/cortexa9hf-vfp-neon-poky-linux-gnueabi/usr/lib/arm-poky-linux-gnueabi/4.8.1]
  collapse dir [/opt/poky/1.5.1/sysroots/cortexa9hf-vfp-neon-poky-linux-gnueabi/usr/lib] ==> [/opt/poky/1.5.1/sysroots/cortexa9hf-vfp-neon-poky-linux-gnueabi/usr/lib]
  implicit libs: [stdc++;m;c]
  implicit dirs: [/opt/poky/1.5.1/sysroots/x86_64-pokysdk-linux/usr/lib/arm-poky-linux-gnueabi/gcc/arm-poky-linux-gnueabi/4.8.1;/opt/poky/1.5.1/sysroots/cortexa9hf-vfp-neon-poky-linux-gnueabi/lib;/opt/poky/1.5.1/sysroots/cortexa9hf-vfp-neon-poky-linux-gnueabi/usr/lib/arm-poky-linux-gnueabi/4.8.1;/opt/poky/1.5.1/sysroots/cortexa9hf-vfp-neon-poky-linux-gnueabi/usr/lib]


Determining if the include file alloca.h exists passed with the following output:
Change Dir: /opencv2.3/OpenCV-2.3.1/release/CMakeFiles/CMakeTmp

Run Build Command:/usr/bin/make "cmTryCompileExec/fast"
/usr/bin/make -f CMakeFiles/cmTryCompileExec.dir/build.make CMakeFiles/cmTryCompileExec.dir/build
make[1]: Entering directory `/opencv2.3/OpenCV-2.3.1/release/CMakeFiles/CMakeTmp'
/usr/bin/cmake -E cmake_progress_report /opencv2.3/OpenCV-2.3.1/release/CMakeFiles/CMakeTmp/CMakeFiles 1
Building C object CMakeFiles/cmTryCompileExec.dir/CheckIncludeFile.c.o
/opt/poky/1.5.1/sysroots/x86_64-pokysdk-linux/usr/bin/arm-poky-linux-gnueabi/arm-poky-linux-gnueabi-gcc    -o CMakeFiles/cmTryCompileExec.dir/CheckIncludeFile.c.o   -c /opencv2.3/OpenCV-2.3.1/release/CMakeFiles/CMakeTmp/CheckIncludeFile.c
Linking C executable cmTryCompileExec
/usr/bin/cmake -E cmake_link_script CMakeFiles/cmTryCompileExec.dir/link.txt --verbose=1
/opt/poky/1.5.1/sysroots/x86_64-pokysdk-linux/usr/bin/arm-poky-linux-gnueabi/arm-poky-linux-gnueabi-gcc         CMakeFiles/cmTryCompileExec.dir/CheckIncludeFile.c.o  -o cmTryCompileExec -rdynamic 
make[1]: Leaving directory `/opencv2.3/OpenCV-2.3.1/release/CMakeFiles/CMakeTmp'


Determining if the include file unistd.h exists passed with the following output:
Change Dir: /opencv2.3/OpenCV-2.3.1/release/CMakeFiles/CMakeTmp

Run Build Command:/usr/bin/make "cmTryCompileExec/fast"
/usr/bin/make -f CMakeFiles/cmTryCompileExec.dir/build.make CMakeFiles/cmTryCompileExec.dir/build
make[1]: Entering directory `/opencv2.3/OpenCV-2.3.1/release/CMakeFiles/CMakeTmp'
/usr/bin/cmake -E cmake_progress_report /opencv2.3/OpenCV-2.3.1/release/CMakeFiles/CMakeTmp/CMakeFiles 1
Building C object CMakeFiles/cmTryCompileExec.dir/CheckIncludeFile.c.o
/opt/poky/1.5.1/sysroots/x86_64-pokysdk-linux/usr/bin/arm-poky-linux-gnueabi/arm-poky-linux-gnueabi-gcc    -o CMakeFiles/cmTryCompileExec.dir/CheckIncludeFile.c.o   -c /opencv2.3/OpenCV-2.3.1/release/CMakeFiles/CMakeTmp/CheckIncludeFile.c
Linking C executable cmTryCompileExec
/usr/bin/cmake -E cmake_link_script CMakeFiles/cmTryCompileExec.dir/link.txt --verbose=1
/opt/poky/1.5.1/sysroots/x86_64-pokysdk-linux/usr/bin/arm-poky-linux-gnueabi/arm-poky-linux-gnueabi-gcc         CMakeFiles/cmTryCompileExec.dir/CheckIncludeFile.c.o  -o cmTryCompileExec -rdynamic 
make[1]: Leaving directory `/opencv2.3/OpenCV-2.3.1/release/CMakeFiles/CMakeTmp'


Determining if the include file pthread.h exists passed with the following output:
Change Dir: /opencv2.3/OpenCV-2.3.1/release/CMakeFiles/CMakeTmp

Run Build Command:/usr/bin/make "cmTryCompileExec/fast"
/usr/bin/make -f CMakeFiles/cmTryCompileExec.dir/build.make CMakeFiles/cmTryCompileExec.dir/build
make[1]: Entering directory `/opencv2.3/OpenCV-2.3.1/release/CMakeFiles/CMakeTmp'
/usr/bin/cmake -E cmake_progress_report /opencv2.3/OpenCV-2.3.1/release/CMakeFiles/CMakeTmp/CMakeFiles 1
Building C object CMakeFiles/cmTryCompileExec.dir/CheckIncludeFile.c.o
/opt/poky/1.5.1/sysroots/x86_64-pokysdk-linux/usr/bin/arm-poky-linux-gnueabi/arm-poky-linux-gnueabi-gcc    -o CMakeFiles/cmTryCompileExec.dir/CheckIncludeFile.c.o   -c /opencv2.3/OpenCV-2.3.1/release/CMakeFiles/CMakeTmp/CheckIncludeFile.c
Linking C executable cmTryCompileExec
/usr/bin/cmake -E cmake_link_script CMakeFiles/cmTryCompileExec.dir/link.txt --verbose=1
/opt/poky/1.5.1/sysroots/x86_64-pokysdk-linux/usr/bin/arm-poky-linux-gnueabi/arm-poky-linux-gnueabi-gcc         CMakeFiles/cmTryCompileExec.dir/CheckIncludeFile.c.o  -o cmTryCompileExec -rdynamic 
make[1]: Leaving directory `/opencv2.3/OpenCV-2.3.1/release/CMakeFiles/CMakeTmp'


Determining if the include file linux/videodev2.h exists passed with the following output:
Change Dir: /opencv2.3/OpenCV-2.3.1/release/CMakeFiles/CMakeTmp

Run Build Command:/usr/bin/make "cmTryCompileExec/fast"
/usr/bin/make -f CMakeFiles/cmTryCompileExec.dir/build.make CMakeFiles/cmTryCompileExec.dir/build
make[1]: Entering directory `/opencv2.3/OpenCV-2.3.1/release/CMakeFiles/CMakeTmp'
/usr/bin/cmake -E cmake_progress_report /opencv2.3/OpenCV-2.3.1/release/CMakeFiles/CMakeTmp/CMakeFiles 1
Building C object CMakeFiles/cmTryCompileExec.dir/CheckIncludeFile.c.o
/opt/poky/1.5.1/sysroots/x86_64-pokysdk-linux/usr/bin/arm-poky-linux-gnueabi/arm-poky-linux-gnueabi-gcc    -o CMakeFiles/cmTryCompileExec.dir/CheckIncludeFile.c.o   -c /opencv2.3/OpenCV-2.3.1/release/CMakeFiles/CMakeTmp/CheckIncludeFile.c
Linking C executable cmTryCompileExec
/usr/bin/cmake -E cmake_link_script CMakeFiles/cmTryCompileExec.dir/link.txt --verbose=1
/opt/poky/1.5.1/sysroots/x86_64-pokysdk-linux/usr/bin/arm-poky-linux-gnueabi/arm-poky-linux-gnueabi-gcc         CMakeFiles/cmTryCompileExec.dir/CheckIncludeFile.c.o  -o cmTryCompileExec -rdynamic 
make[1]: Leaving directory `/opencv2.3/OpenCV-2.3.1/release/CMakeFiles/CMakeTmp'


