Determining if the include file libavformat/avformat.h exists failed with the following output:
Change Dir: /opencv2.3/OpenCV-2.3.1/release/CMakeFiles/CMakeTmp

Run Build Command:/usr/bin/make "cmTryCompileExec/fast"
/usr/bin/make -f CMakeFiles/cmTryCompileExec.dir/build.make CMakeFiles/cmTryCompileExec.dir/build
make[1]: Entering directory `/opencv2.3/OpenCV-2.3.1/release/CMakeFiles/CMakeTmp'
/usr/bin/cmake -E cmake_progress_report /opencv2.3/OpenCV-2.3.1/release/CMakeFiles/CMakeTmp/CMakeFiles 1
Building C object CMakeFiles/cmTryCompileExec.dir/CheckIncludeFile.c.o
/opt/poky/1.5.1/sysroots/x86_64-pokysdk-linux/usr/bin/arm-poky-linux-gnueabi/arm-poky-linux-gnueabi-gcc    -o CMakeFiles/cmTryCompileExec.dir/CheckIncludeFile.c.o   -c /opencv2.3/OpenCV-2.3.1/release/CMakeFiles/CMakeTmp/CheckIncludeFile.c
/opencv2.3/OpenCV-2.3.1/release/CMakeFiles/CMakeTmp/CheckIncludeFile.c:1:34: fatal error: libavformat/avformat.h: No such file or directory
 #include <libavformat/avformat.h>
                                  ^
compilation terminated.
make[1]: Leaving directory `/opencv2.3/OpenCV-2.3.1/release/CMakeFiles/CMakeTmp'
make[1]: *** [CMakeFiles/cmTryCompileExec.dir/CheckIncludeFile.c.o] Error 1
make: *** [cmTryCompileExec/fast] Error 2


Determining if the include file ffmpeg/avformat.h exists failed with the following output:
Change Dir: /opencv2.3/OpenCV-2.3.1/release/CMakeFiles/CMakeTmp

Run Build Command:/usr/bin/make "cmTryCompileExec/fast"
/usr/bin/make -f CMakeFiles/cmTryCompileExec.dir/build.make CMakeFiles/cmTryCompileExec.dir/build
make[1]: Entering directory `/opencv2.3/OpenCV-2.3.1/release/CMakeFiles/CMakeTmp'
/usr/bin/cmake -E cmake_progress_report /opencv2.3/OpenCV-2.3.1/release/CMakeFiles/CMakeTmp/CMakeFiles 1
Building C object CMakeFiles/cmTryCompileExec.dir/CheckIncludeFile.c.o
/opt/poky/1.5.1/sysroots/x86_64-pokysdk-linux/usr/bin/arm-poky-linux-gnueabi/arm-poky-linux-gnueabi-gcc    -o CMakeFiles/cmTryCompileExec.dir/CheckIncludeFile.c.o   -c /opencv2.3/OpenCV-2.3.1/release/CMakeFiles/CMakeTmp/CheckIncludeFile.c
/opencv2.3/OpenCV-2.3.1/release/CMakeFiles/CMakeTmp/CheckIncludeFile.c:1:29: fatal error: ffmpeg/avformat.h: No such file or directory
 #include <ffmpeg/avformat.h>
                             ^
compilation terminated.
make[1]: Leaving directory `/opencv2.3/OpenCV-2.3.1/release/CMakeFiles/CMakeTmp'
make[1]: *** [CMakeFiles/cmTryCompileExec.dir/CheckIncludeFile.c.o] Error 1
make: *** [cmTryCompileExec/fast] Error 2


Determining if the function alloca exists failed with the following output:
Change Dir: /opencv2.3/OpenCV-2.3.1/release/CMakeFiles/CMakeTmp

Run Build Command:/usr/bin/make "cmTryCompileExec/fast"
/usr/bin/make -f CMakeFiles/cmTryCompileExec.dir/build.make CMakeFiles/cmTryCompileExec.dir/build
make[1]: Entering directory `/opencv2.3/OpenCV-2.3.1/release/CMakeFiles/CMakeTmp'
/usr/bin/cmake -E cmake_progress_report /opencv2.3/OpenCV-2.3.1/release/CMakeFiles/CMakeTmp/CMakeFiles 1
Building C object CMakeFiles/cmTryCompileExec.dir/CheckFunctionExists.c.o
/opt/poky/1.5.1/sysroots/x86_64-pokysdk-linux/usr/bin/arm-poky-linux-gnueabi/arm-poky-linux-gnueabi-gcc   -DCHECK_FUNCTION_EXISTS=alloca   -o CMakeFiles/cmTryCompileExec.dir/CheckFunctionExists.c.o   -c /usr/share/cmake-2.8/Modules/CheckFunctionExists.c
<command-line>:0:23: warning: conflicting types for built-in function 'alloca' [enabled by default]
/usr/share/cmake-2.8/Modules/CheckFunctionExists.c:3:6: note: in expansion of macro 'CHECK_FUNCTION_EXISTS'
 char CHECK_FUNCTION_EXISTS();
      ^
Linking C executable cmTryCompileExec
/usr/bin/cmake -E cmake_link_script CMakeFiles/cmTryCompileExec.dir/link.txt --verbose=1
/opt/poky/1.5.1/sysroots/x86_64-pokysdk-linux/usr/bin/arm-poky-linux-gnueabi/arm-poky-linux-gnueabi-gcc     -DCHECK_FUNCTION_EXISTS=alloca    CMakeFiles/cmTryCompileExec.dir/CheckFunctionExists.c.o  -o cmTryCompileExec -rdynamic 
CMakeFiles/cmTryCompileExec.dir/CheckFunctionExists.c.o: In function `main':
CheckFunctionExists.c:(.text+0x14): undefined reference to `alloca'
collect2: error: ld returned 1 exit status
make[1]: Leaving directory `/opencv2.3/OpenCV-2.3.1/release/CMakeFiles/CMakeTmp'
make[1]: *** [cmTryCompileExec] Error 1
make: *** [cmTryCompileExec/fast] Error 2


Determining if the include file linux/videodev.h exists failed with the following output:
Change Dir: /opencv2.3/OpenCV-2.3.1/release/CMakeFiles/CMakeTmp

Run Build Command:/usr/bin/make "cmTryCompileExec/fast"
/usr/bin/make -f CMakeFiles/cmTryCompileExec.dir/build.make CMakeFiles/cmTryCompileExec.dir/build
make[1]: Entering directory `/opencv2.3/OpenCV-2.3.1/release/CMakeFiles/CMakeTmp'
/usr/bin/cmake -E cmake_progress_report /opencv2.3/OpenCV-2.3.1/release/CMakeFiles/CMakeTmp/CMakeFiles 1
Building C object CMakeFiles/cmTryCompileExec.dir/CheckIncludeFile.c.o
/opt/poky/1.5.1/sysroots/x86_64-pokysdk-linux/usr/bin/arm-poky-linux-gnueabi/arm-poky-linux-gnueabi-gcc    -o CMakeFiles/cmTryCompileExec.dir/CheckIncludeFile.c.o   -c /opencv2.3/OpenCV-2.3.1/release/CMakeFiles/CMakeTmp/CheckIncludeFile.c
/opencv2.3/OpenCV-2.3.1/release/CMakeFiles/CMakeTmp/CheckIncludeFile.c:1:28: fatal error: linux/videodev.h: No such file or directory
 #include <linux/videodev.h>
                            ^
compilation terminated.
make[1]: Leaving directory `/opencv2.3/OpenCV-2.3.1/release/CMakeFiles/CMakeTmp'
make[1]: *** [CMakeFiles/cmTryCompileExec.dir/CheckIncludeFile.c.o] Error 1
make: *** [cmTryCompileExec/fast] Error 2


